
> web@0.1.0 build /Users/yunussahin/ipelya-app/apps/web
> next build

   [1m[38;2;173;127;168m▲ Next.js 16.0.3[39m[22m (Turbopack)
   - Environments: .env.local

 [33m[1m⚠[22m[39m The "middleware" file convention is deprecated. Please use "proxy" instead. Learn more: https://nextjs.org/docs/messages/middleware-to-proxy
 [37m[1m [22m[39m Creating an optimized production build ...
 [32m[1m✓[22m[39m Compiled successfully in 4.2s
[?25l [37m[1m [22m[39m Running TypeScript  [36m.[39m[2K[1G [37m[1m [22m[39m Running TypeScript  [36m..[39m[2K[1G [37m[1m [22m[39m Running TypeScript  [36m...[39m[2K[1G [37m[1m [22m[39m Running TypeScript  [36m.[39m[2K[1G [37m[1m [22m[39m Running TypeScript  [36m..[39m[2K[1G [37m[1m [22m[39m Running TypeScript  [36m...[39m[2K[1G [37m[1m [22m[39m Running TypeScript  [36m.[39m[2K[1G [37m[1m [22m[39m Running TypeScript  [36m..[39m[2K[1G [37m[1m [22m[39m Running TypeScript  [36m...[39m[2K[1G [37m[1m [22m[39m Running TypeScript  [36m.[39m[2K[1G [37m[1m [22m[39m Running TypeScript  [36m..[39m[2K[1G [37m[1m [22m[39m Running TypeScript  [36m...[39m[2K[1G [37m[1m [22m[39m Running TypeScript  [36m.[39m[2K[1G [37m[1m [22m[39m Running TypeScript  [36m..[39m[2K[1G [37m[1m [22m[39m Running TypeScript  [36m...[39m[2K[1G [37m[1m [22m[39m Running TypeScript  [36m.[39m[2K[1G [37m[1m [22m[39m Running TypeScript  [36m..[39m[2K[1G [37m[1m [22m[39m Running TypeScript  [36m...[39m[2K[1G [37m[1m [22m[39m Running TypeScript  [36m.[39m[2K[1G [37m[1m [22m[39m Running TypeScript  [36m..[39m[2K[1G [37m[1m [22m[39m Running TypeScript  [36m...[39m[2K[1G [37m[1m [22m[39m Running TypeScript  [36m.[39m[2K[1G[?25h[?25l [37m[1m [22m[39m Finished TypeScript in 4.2s  [36m.[39m[2K[1G[?25h [37m[1m [22m[39m Finished TypeScript in 4.2s     [32m[1m✓[22m[39m Finished TypeScript in 4.2s 
[?25l [37m[1m [22m[39m Collecting page data using 9 workers  [36m.[39m[2K[1G [37m[1m [22m[39m Collecting page data using 9 workers  [36m..[39m[2K[1G[?25h [37m[1m [22m[39m Collecting page data using 9 workers in 366.3ms     [32m[1m✓[22m[39m Collecting page data using 9 workers in 366.3ms 
[?25l [37m[1m [22m[39m Generating static pages using 9 workers (0/41)  [36m[    ][39m[2K[1G [37m[1m [22m[39m Generating static pages using 9 workers (7/41)  [36m[=   ][39m[2K[1G[?25h [32m[1m✓[22m[39m Generating static pages using 9 workers (41/41) in 340.6ms
[?25l [37m[1m [22m[39m Finalizing page optimization  [36m.[39m[2K[1G[?25h [37m[1m [22m[39m Finalizing page optimization in 9.9ms     [32m[1m✓[22m[39m Finalizing page optimization in 9.9ms 

[4mRoute (app)[24m
┌ ○ /
├ ○ /_not-found
├ ƒ /api/notifications/[id]/delete
├ ƒ /api/notifications/mark-read
├ ƒ /api/notifications/send
├ ƒ /api/ops/analytics
├ ƒ /api/ops/shadow/analytics
├ ƒ /api/ops/shadow/anomalies
├ ƒ /api/ops/shadow/anomalies/[anomalyId]/resolve
├ ƒ /api/ops/shadow/audit-logs
├ ƒ /api/ops/shadow/audit-logs/users
├ ƒ /api/ops/shadow/config/anomaly-detection
├ ƒ /api/ops/shadow/config/rate-limits
├ ƒ /api/ops/shadow/rate-limits
├ ƒ /api/ops/shadow/sessions
├ ƒ /api/ops/shadow/sessions/[sessionId]/terminate
├ ƒ /api/ops/shadow/users
├ ƒ /api/ops/shadow/users/[userId]/lockout
├ ƒ /api/ops/shadow/users/[userId]/unlock
├ ƒ /api/ops/users/[userId]/anomaly-alert
├ ƒ /api/ops/users/[userId]/lock
├ ƒ /api/ops/users/[userId]/rate-limit
├ ƒ /api/ops/users/[userId]/unlock
├ ƒ /api/users/[id]
├ ƒ /ops
├ ƒ /ops/account
├ ƒ /ops/content
├ ƒ /ops/economy
├ ○ /ops/login
├ ƒ /ops/notifications
├ ƒ /ops/notifications/analytics
├ ƒ /ops/notifications/cleanup
├ ƒ /ops/notifications/history
├ ƒ /ops/notifications/send
├ ƒ /ops/notifications/templates
├ ○ /ops/register
├ ƒ /ops/security
├ ƒ /ops/settings
├ ƒ /ops/shadow
├ ƒ /ops/shadow/analytics
├ ƒ /ops/shadow/anomalies
├ ƒ /ops/shadow/audit-logs
├ ƒ /ops/shadow/config
├ ƒ /ops/shadow/rate-limits
├ ƒ /ops/shadow/sessions
├ ƒ /ops/shadow/users
├ ƒ /ops/users
├ ƒ /ops/users/banned
└ ƒ /ops/users/creators


ƒ Proxy (Middleware)

○  (Static)   prerendered as static content
ƒ  (Dynamic)  server-rendered on demand

[?25h
